// 重构日志: d1a39400
// 重构日志: 991cb20e
// 重构日志: 5ca57663
// 重构日志: 29f680a0
// 重构日志: d532585f
// 重构日志: 19425cb7
// 重构日志: df743139
// 同步 ID: c163e95c @ Wed Jul  8 08:18:19 UTC 2026
// 重构日志: da93a385
// 同步 ID: 0522a7f1 @ Fri Jul 10 10:51:40 UTC 2026
// 同步 ID: 9eacad13 @ Fri Jul 10 18:05:53 UTC 2026
// 重构日志: 7b000d8c
// 重构日志: 53adbbc4
// 重构日志: 3416e00c
// 重构日志: 52c5a69d
// 同步 ID: 5cdf3647 @ Thu Jul 16 11:16:27 UTC 2026
// 重构日志: 2a794369
// 重构日志: 2510452b
// 重构日志: 541fb16e
// 重构日志: 067c1943
// 重构日志: c78ef17a
// 重构日志: 6fd07ece
// 重构日志: a98cbcc5
// 重构日志: 061bf77f
// 重构日志: 202fc162
// 同步 ID: 7b232e40 @ Sat Jul 18 17:10:13 UTC 2026
